ID,event,sectionID,val,procID,ts,ticket
idUnico,WAIT,mutex,0,2,1547227556813395716,1
idUnico,SIGNAL,mutex,1,2,1547227556813855378,2
idUnico,WAIT,mutex,0,2,1547227556813973561,3
idUnico,SIGNAL,mutex,1,2,1547227556814092952,4
idUnico,WAIT,mutex,0,2,1547227556814209597,5
idUnico,SIGNAL,mutex,1,2,1547227556814326462,6
idUnico,WAIT,mutex,0,2,1547227556814440801,7
idUnico,SIGNAL,mutex,1,2,1547227556814547451,8
idUnico,WAIT,mutex,0,2,1547227556814652124,9
idUnico,SIGNAL,mutex,1,2,1547227556814783048,10
idUnico,WAIT,mutex,0,2,1547227556814888929,11
idUnico,SIGNAL,mutex,1,2,1547227556814995580,12
idUnico,WAIT,mutex,0,2,1547227556815100692,13
idUnico,SIGNAL,mutex,1,2,1547227556815207123,14
idUnico,WAIT,mutex,0,2,1547227556815312235,15
idUnico,SIGNAL,mutex,1,2,1547227556815419105,16
idUnico,WAIT,mutex,0,2,1547227556815523779,17
idUnico,SIGNAL,mutex,1,2,1547227556815630099,18
idUnico,WAIT,mutex,0,10,1547227556815746195,19
idUnico,SIGNAL,mutex,1,10,1547227556815864818,20
idUnico,WAIT,mutex,0,10,1547227556815972017,21
idUnico,SIGNAL,mutex,1,10,1547227556816079656,22
idUnico,WAIT,mutex,0,10,1547227556816186416,23
idUnico,SIGNAL,mutex,1,10,1547227556816294714,24
idUnico,WAIT,mutex,0,10,1547227556816400376,25
idUnico,SIGNAL,mutex,1,10,1547227556816508673,26
idUnico,WAIT,mutex,0,10,1547227556816615324,27
idUnico,SIGNAL,mutex,1,10,1547227556816723512,28
idUnico,WAIT,mutex,0,10,1547227556816829832,29
idUnico,SIGNAL,mutex,1,10,1547227556816938240,30
idUnico,WAIT,mutex,0,10,1547227556817044231,31
idUnico,SIGNAL,mutex,1,10,1547227556817152529,32
idUnico,WAIT,mutex,0,10,1547227556817258850,33
idUnico,SIGNAL,mutex,1,10,1547227556817366489,34
idUnico,WAIT,mutex,0,7,1547227556817481267,35
idUnico,SIGNAL,mutex,1,7,1547227556817594507,36
idUnico,WAIT,mutex,0,7,1547227556817701377,37
idUnico,SIGNAL,mutex,1,7,1547227556817807808,38
idUnico,WAIT,mutex,0,8,1547227556817921377,39
idUnico,SIGNAL,mutex,1,8,1547227556818033410,40
idUnico,WAIT,mutex,0,6,1547227556818154998,41
idUnico,SIGNAL,b_hay_dato,1,6,1547227556818279551,42
idUnico,WAIT,b_hay_dato,0,7,1547227556818526461,43
idUnico,SIGNAL,mutex,1,7,1547227556818656726,44
idUnico,WAIT,mutex,0,3,1547227556818764804,45
idUnico,SIGNAL,b_hay_dato,1,3,1547227556818890676,46
idUnico,WAIT,b_hay_dato,0,8,1547227556819017645,47
idUnico,SIGNAL,mutex,1,8,1547227556819145274,48
idUnico,WAIT,mutex,0,5,1547227556819263787,49
idUnico,SIGNAL,mutex,1,5,1547227556819372853,50
idUnico,WAIT,mutex,0,5,1547227556819478515,51
idUnico,SIGNAL,mutex,1,5,1547227556819585385,52
idUnico,WAIT,mutex,0,5,1547227556819690607,53
idUnico,SIGNAL,mutex,1,5,1547227556819797368,54
idUnico,WAIT,mutex,0,5,1547227556819903359,55
idUnico,SIGNAL,mutex,1,5,1547227556820010229,56
idUnico,WAIT,mutex,0,5,1547227556820116000,57
idUnico,SIGNAL,mutex,1,5,1547227556820223090,58
idUnico,WAIT,mutex,0,5,1547227556820327873,59
idUnico,SIGNAL,mutex,1,5,1547227556820434743,60
idUnico,WAIT,mutex,0,5,1547227556820539965,61
idUnico,SIGNAL,mutex,1,5,1547227556820646286,62
idUnico,WAIT,mutex,0,5,1547227556820751728,63
idUnico,SIGNAL,mutex,1,5,1547227556820857939,64
idUnico,WAIT,mutex,0,5,1547227556820963161,65
idUnico,SIGNAL,mutex,1,5,1547227556821069482,66
idUnico,WAIT,mutex,0,3,1547227556821182064,67
idUnico,SIGNAL,mutex,1,3,1547227556821293327,68
idUnico,WAIT,mutex,0,3,1547227556821400087,69
idUnico,SIGNAL,mutex,1,3,1547227556821507506,70
idUnico,WAIT,mutex,0,8,1547227556821622504,71
idUnico,SIGNAL,b_hay_hueco,1,8,1547227556821751231,72
idUnico,WAIT,b_hay_hueco,0,3,1547227556821890502,73
idUnico,SIGNAL,mutex,1,3,1547227556822009674,74
idUnico,WAIT,mutex,0,11,1547227556822108196,75
idUnico,SIGNAL,mutex,1,11,1547227556822228247,76
idUnico,WAIT,mutex,0,11,1547227556822340828,77
idUnico,SIGNAL,mutex,1,11,1547227556822454508,78
idUnico,WAIT,mutex,0,11,1547227556822567528,79
idUnico,SIGNAL,mutex,1,11,1547227556822683185,80
idUnico,WAIT,mutex,0,11,1547227556822801477,81
idUnico,SIGNAL,mutex,1,11,1547227556822917464,82
idUnico,WAIT,mutex,0,11,1547227556823030155,83
idUnico,SIGNAL,mutex,1,11,1547227556823144494,84
idUnico,WAIT,mutex,0,11,1547227556823257295,85
idUnico,SIGNAL,mutex,1,11,1547227556823371634,86
idUnico,WAIT,mutex,0,11,1547227556823486631,87
idUnico,SIGNAL,mutex,1,11,1547227556823600970,88
idUnico,WAIT,mutex,0,11,1547227556823713332,89
idUnico,SIGNAL,mutex,1,11,1547227556823826792,90
idUnico,WAIT,mutex,0,8,1547227556823947501,91
idUnico,SIGNAL,mutex,1,8,1547227556824061730,92
idUnico,WAIT,mutex,0,8,1547227556824167941,93
idUnico,SIGNAL,mutex,1,8,1547227556824276129,94
idUnico,WAIT,mutex,0,8,1547227556824382340,95
idUnico,SIGNAL,mutex,1,8,1547227556824489210,96
idUnico,WAIT,mutex,0,3,1547227556824603329,97
idUnico,SIGNAL,b_hay_dato,1,3,1547227556824727882,98
idUnico,WAIT,b_hay_dato,0,8,1547227556824853204,99
idUnico,SIGNAL,mutex,1,8,1547227556824972486,100
idUnico,WAIT,mutex,0,9,1547227556825073864,101
idUnico,SIGNAL,mutex,1,9,1547227556825193255,102
idUnico,WAIT,mutex,0,8,1547227556825320115,103
idUnico,SIGNAL,mutex,1,8,1547227556825431269,104
idUnico,WAIT,mutex,0,6,1547227556825548353,105
idUnico,SIGNAL,b_hay_dato,1,6,1547227556825670820,106
idUnico,WAIT,b_hay_dato,0,9,1547227556825797350,107
idUnico,SIGNAL,mutex,1,9,1547227556825935523,108
idUnico,WAIT,mutex,0,9,1547227556826065569,109
idUnico,SIGNAL,mutex,1,9,1547227556826181115,110
idUnico,WAIT,mutex,0,6,1547227556826302374,111
idUnico,SIGNAL,b_hay_dato,1,6,1547227556826424621,112
idUnico,WAIT,b_hay_dato,0,9,1547227556826550053,113
idUnico,SIGNAL,mutex,1,9,1547227556826687896,114
idUnico,WAIT,mutex,0,9,1547227556826817173,115
idUnico,SIGNAL,mutex,1,9,1547227556826933489,116
idUnico,WAIT,mutex,0,6,1547227556827054198,117
idUnico,SIGNAL,b_hay_dato,1,6,1547227556827176445,118
idUnico,WAIT,b_hay_dato,0,9,1547227556827301987,119
idUnico,SIGNAL,mutex,1,9,1547227556827440160,120
idUnico,WAIT,mutex,0,9,1547227556827569546,121
idUnico,SIGNAL,mutex,1,9,1547227556827684763,122
idUnico,WAIT,mutex,0,3,1547227556827805692,123
idUnico,SIGNAL,b_hay_dato,1,3,1547227556827930026,124
idUnico,WAIT,b_hay_dato,0,9,1547227556828056117,125
idUnico,SIGNAL,mutex,1,9,1547227556828194839,126
idUnico,WAIT,mutex,0,9,1547227556828322688,127
idUnico,SIGNAL,mutex,1,9,1547227556828438345,128
idUnico,WAIT,mutex,0,3,1547227556828559383,129
idUnico,SIGNAL,b_hay_dato,1,3,1547227556828683607,130
idUnico,WAIT,b_hay_dato,0,9,1547227556828810248,131
idUnico,SIGNAL,mutex,1,9,1547227556828948750,132
idUnico,WAIT,mutex,0,7,1547227556829064736,133
idUnico,SIGNAL,mutex,1,7,1547227556829187532,134
idUnico,WAIT,mutex,0,9,1547227556829316919,135
idUnico,SIGNAL,mutex,1,9,1547227556829434443,136
idUnico,WAIT,mutex,0,3,1547227556829555481,137
idUnico,SIGNAL,b_hay_dato,1,3,1547227556829679156,138
idUnico,WAIT,b_hay_dato,0,9,1547227556829806236,139
idUnico,SIGNAL,mutex,1,9,1547227556829944189,140
idUnico,WAIT,mutex,0,9,1547227556830066985,141
idUnico,SIGNAL,mutex,1,9,1547227556830181873,142
idUnico,WAIT,mutex,0,3,1547227556830302472,143
idUnico,SIGNAL,b_hay_dato,1,3,1547227556830426587,144
idUnico,WAIT,b_hay_dato,0,9,1547227556830534225,145
idUnico,SIGNAL,mutex,1,9,1547227556830674925,146
idUnico,WAIT,mutex,0,9,1547227556830798380,147
idUnico,SIGNAL,mutex,1,9,1547227556831057811,148
idUnico,WAIT,mutex,0,3,1547227556831180717,149
idUnico,SIGNAL,b_hay_dato,1,3,1547227556831304611,150
idUnico,WAIT,b_hay_dato,0,9,1547227556831411481,151
idUnico,SIGNAL,mutex,1,9,1547227556831550094,152
idUnico,WAIT,mutex,0,4,1547227556831681018,153
idUnico,SIGNAL,b_hay_dato,1,4,1547227556831805901,154
idUnico,WAIT,b_hay_dato,0,8,1547227556831931662,155
idUnico,SIGNAL,mutex,1,8,1547227556832062806,156
idUnico,WAIT,mutex,0,8,1547227556832174179,157
idUnico,SIGNAL,mutex,1,8,1547227556832283355,158
idUnico,WAIT,mutex,0,4,1547227556832399452,159
idUnico,SIGNAL,b_hay_dato,1,4,1547227556832522907,160
idUnico,WAIT,b_hay_dato,0,8,1547227556832649547,161
idUnico,SIGNAL,mutex,1,8,1547227556832781459,162
idUnico,WAIT,mutex,0,8,1547227556832890416,163
idUnico,SIGNAL,mutex,1,8,1547227556832999373,164
idUnico,WAIT,mutex,0,6,1547227556833114920,165
idUnico,SIGNAL,b_hay_dato,1,6,1547227556833238155,166
idUnico,WAIT,b_hay_dato,0,8,1547227556833366553,167
idUnico,SIGNAL,mutex,1,8,1547227556833494621,168
idUnico,WAIT,mutex,0,6,1547227556833612584,169
idUnico,SIGNAL,b_hay_dato,1,6,1547227556833735930,170
idUnico,WAIT,b_hay_dato,0,7,1547227556833865755,171
idUnico,SIGNAL,mutex,1,7,1547227556833984158,172
idUnico,WAIT,mutex,0,7,1547227556834097069,173
idUnico,SIGNAL,mutex,1,7,1547227556834208332,174
idUnico,WAIT,mutex,0,6,1547227556834329151,175
idUnico,SIGNAL,b_hay_dato,1,6,1547227556834451288,176
idUnico,WAIT,b_hay_dato,0,7,1547227556834580015,177
idUnico,SIGNAL,mutex,1,7,1547227556834697210,178
idUnico,WAIT,mutex,0,7,1547227556834809791,179
idUnico,SIGNAL,mutex,1,7,1547227556834921164,180
idUnico,WAIT,mutex,0,6,1547227556835042423,181
idUnico,SIGNAL,b_hay_dato,1,6,1547227556835164340,182
idUnico,WAIT,b_hay_dato,0,7,1547227556835293616,183
idUnico,SIGNAL,mutex,1,7,1547227556835411360,184
idUnico,WAIT,mutex,0,7,1547227556835524161,185
idUnico,SIGNAL,mutex,1,7,1547227556835635644,186
idUnico,WAIT,mutex,0,4,1547227556835754706,187
idUnico,SIGNAL,b_hay_dato,1,4,1547227556835878381,188
idUnico,WAIT,b_hay_dato,0,7,1547227556836003922,189
idUnico,SIGNAL,mutex,1,7,1547227556836122215,190
idUnico,WAIT,mutex,0,7,1547227556836234577,191
idUnico,SIGNAL,mutex,1,7,1547227556836341776,192
idUnico,WAIT,mutex,0,4,1547227556836456445,193
idUnico,SIGNAL,b_hay_dato,1,4,1547227556836579570,194
idUnico,WAIT,b_hay_dato,0,7,1547227556836704234,195
idUnico,SIGNAL,mutex,1,7,1547227556836822087,196
idUnico,WAIT,mutex,0,7,1547227556836934449,197
idUnico,SIGNAL,mutex,1,7,1547227556837042417,198
idUnico,WAIT,mutex,0,4,1547227556837157195,199
idUnico,SIGNAL,b_hay_dato,1,4,1547227556837279991,200
idUnico,WAIT,b_hay_dato,0,7,1547227556837404435,201
idUnico,SIGNAL,mutex,1,7,1547227556837522398,202
idUnico,WAIT,mutex,0,4,1547227556837643107,203
idUnico,SIGNAL,mutex,1,4,1547227556837759753,204
idUnico,WAIT,mutex,0,4,1547227556837868709,205
idUnico,SIGNAL,mutex,1,4,1547227556837977666,206
idUnico,WAIT,mutex,0,4,1547227556838085854,207
idUnico,SIGNAL,mutex,1,4,1547227556838195031,208
idUnico,WAIT,mutex,0,4,1547227556838302450,209
idUnico,SIGNAL,mutex,1,4,1547227556838411077,210
idUnico,WAIT,mutex,0,6,1547227556838526624,211
idUnico,SIGNAL,mutex,1,6,1547227556838626574,212
idUnico,WAIT,mutex,0,1,1547227556838800224,213
idUnico,SIGNAL,mutex,1,1,1547227556839183989,214
idUnico,WAIT,mutex,0,1,1547227556839285038,215
idUnico,SIGNAL,mutex,1,1,1547227556839388613,216
