ID,event,sectionID,val,procID,ts,ticket
idUnico,BEGIN_FUNC_PROC, beginMantenimiento,6,2,1542231439316672004,1
idUnico,END_FUNC_PROC, beginMantenimiento,6,2,1542231439317252594,2
idUnico,BEGIN_FUNC_PROC, dameSurtidor,6,9,1542231439317491486,3
idUnico,BEGIN_FUNC_PROC, dameSurtidor,6,11,1542231439317788602,4
idUnico,BEGIN_FUNC_PROC, dameSurtidor,6,13,1542231439317987624,5
idUnico,BEGIN_FUNC_PROC, dameSurtidor,6,14,1542231439318200705,6
idUnico,BEGIN_FUNC_PROC, dameSurtidor,6,16,1542231439318394235,7
idUnico,BEGIN_FUNC_PROC, dameSurtidor,6,17,1542231439318600287,8
idUnico,BEGIN_FUNC_PROC, dameSurtidor,6,18,1542231439318814576,9
idUnico,BEGIN_FUNC_PROC, dameSurtidor,6,20,1542231439319019309,10
idUnico,BEGIN_FUNC_PROC, dameSurtidor,6,21,1542231439319208775,11
idUnico,BEGIN_FUNC_PROC, dameSurtidor,6,22,1542231439319425261,12
idUnico,BEGIN_FUNC_PROC, dameSurtidor,6,15,1542231439319619670,13
idUnico,BEGIN_FUNC_PROC, dameSurtidor,6,12,1542231439319838023,14
idUnico,BEGIN_FUNC_PROC, dameSurtidor,6,10,1542231439320060659,15
idUnico,BEGIN_FUNC_PROC, dameSurtidor,6,8,1542231439320258583,16
idUnico,BEGIN_FUNC_PROC, dameSurtidor,6,7,1542231439320456067,17
idUnico,BEGIN_FUNC_PROC, dameSurtidor,6,6,1542231439320655858,18
idUnico,BEGIN_FUNC_PROC, dameSurtidor,6,5,1542231439321012494,19
idUnico,BEGIN_FUNC_PROC, dameSurtidor,6,4,1542231439321211406,20
idUnico,BEGIN_FUNC_PROC, dameSurtidor,6,3,1542231439321408121,21
idUnico,BEGIN_FUNC_PROC, dameSurtidor,6,19,1542231439321599564,22
idUnico,BEGIN_FUNC_PROC, endMantenimiento,6,2,1542231439593588644,23
idUnico,END_FUNC_PROC, endMantenimiento,6,2,1542231439594063902,24
idUnico,BEGIN_FUNC_PROC, beginMantenimiento,6,2,1542231439594249854,25
idUnico,END_FUNC_PROC, beginMantenimiento,6,2,1542231439594411751,26
idUnico,BEGIN_FUNC_PROC, endMantenimiento,6,2,1542231439870684548,27
idUnico,END_FUNC_PROC, endMantenimiento,6,2,1542231439870989671,28
idUnico,BEGIN_FUNC_PROC, beginMantenimiento,6,2,1542231439871170570,29
idUnico,END_FUNC_PROC, beginMantenimiento,6,2,1542231439871331808,30
idUnico,BEGIN_FUNC_PROC, endMantenimiento,6,2,1542231440197595897,31
idUnico,END_FUNC_PROC, endMantenimiento,6,2,1542231440197902558,32
idUnico,BEGIN_FUNC_PROC, beginMantenimiento,6,2,1542231440198082688,33
idUnico,END_FUNC_PROC, beginMantenimiento,6,2,1542231440198242718,34
idUnico,BEGIN_FUNC_PROC, endMantenimiento,6,2,1542231440585504397,35
idUnico,END_FUNC_PROC, endMantenimiento,6,2,1542231440585802490,36
idUnico,BEGIN_FUNC_PROC, beginMantenimiento,6,2,1542231440585981302,37
idUnico,END_FUNC_PROC, beginMantenimiento,6,2,1542231440586146275,38
idUnico,BEGIN_FUNC_PROC, endMantenimiento,6,2,1542231440964415502,39
idUnico,END_FUNC_PROC, endMantenimiento,6,2,1542231440964732707,40
idUnico,BEGIN_FUNC_PROC, beginMantenimiento,6,2,1542231440964916022,41
idUnico,END_FUNC_PROC, beginMantenimiento,6,2,1542231440965077481,42
idUnico,BEGIN_FUNC_PROC, endMantenimiento,6,2,1542231441317357324,43
idUnico,END_FUNC_PROC, endMantenimiento,6,2,1542231441317676177,44
idUnico,BEGIN_FUNC_PROC, beginMantenimiento,6,2,1542231441317892223,45
idUnico,END_FUNC_PROC, beginMantenimiento,6,2,1542231441318055109,46
idUnico,BEGIN_FUNC_PROC, endMantenimiento,6,2,1542231441564295576,47
idUnico,END_FUNC_PROC, endMantenimiento,6,2,1542231441564544244,48
idUnico,BEGIN_FUNC_PROC, beginMantenimiento,6,2,1542231441564721299,49
idUnico,END_FUNC_PROC, beginMantenimiento,6,2,1542231441564886272,50
idUnico,BEGIN_FUNC_PROC, endMantenimiento,6,2,1542231441915135246,51
idUnico,END_FUNC_PROC, endMantenimiento,6,2,1542231441915407968,52
idUnico,BEGIN_FUNC_PROC, beginMantenimiento,6,2,1542231441915604463,53
idUnico,END_FUNC_PROC, beginMantenimiento,6,2,1542231441915791184,54
idUnico,BEGIN_FUNC_PROC, endMantenimiento,6,2,1542231442280079671,55
idUnico,END_FUNC_PROC, endMantenimiento,6,2,1542231442280400061,56
idUnico,BEGIN_FUNC_PROC, beginMantenimiento,6,2,1542231442280581509,57
idUnico,END_FUNC_PROC, beginMantenimiento,6,2,1542231442280742638,58
idUnico,BEGIN_FUNC_PROC, endMantenimiento,6,2,1542231442504010672,59
idUnico,END_FUNC_PROC, endMantenimiento,6,2,1542231442504309315,60
idUnico,END_FUNC_PROC, dameSurtidor,5,5,1542231442504516135,61
idUnico,END_FUNC_PROC, dameSurtidor,4,6,1542231442504735916,62
idUnico,END_FUNC_PROC, dameSurtidor,3,11,1542231442504947239,63
idUnico,END_FUNC_PROC, dameSurtidor,2,16,1542231442505184155,64
idUnico,END_FUNC_PROC, dameSurtidor,1,12,1542231442505389547,65
idUnico,END_FUNC_PROC, dameSurtidor,0,17,1542231442505589777,66
idUnico,BEGIN_FUNC_PROC, dejoSurtidor,0,12,1542231442697609494,67
idUnico,END_FUNC_PROC, dejoSurtidor,1,12,1542231442697790185,68
idUnico,BEGIN_FUNC_PROC, dameSurtidor,1,12,1542231442697963505,69
idUnico,END_FUNC_PROC, dameSurtidor,0,12,1542231442698122108,70
idUnico,BEGIN_FUNC_PROC, dejoSurtidor,0,11,1542231442731204666,71
idUnico,END_FUNC_PROC, dejoSurtidor,1,11,1542231442731382600,72
idUnico,BEGIN_FUNC_PROC, dameSurtidor,1,11,1542231442731554602,73
idUnico,END_FUNC_PROC, dameSurtidor,0,11,1542231442731717049,74
idUnico,BEGIN_FUNC_PROC, dejoSurtidor,0,12,1542231442977339363,75
idUnico,END_FUNC_PROC, dejoSurtidor,1,12,1542231442977524436,76
idUnico,BEGIN_FUNC_PROC, dameSurtidor,1,12,1542231442977698085,77
idUnico,END_FUNC_PROC, dameSurtidor,0,12,1542231442977862180,78
idUnico,BEGIN_FUNC_PROC, dejoSurtidor,0,5,1542231442989769664,79
idUnico,END_FUNC_PROC, dejoSurtidor,1,5,1542231442989948147,80
idUnico,BEGIN_FUNC_PROC, dameSurtidor,1,5,1542231442990121467,81
idUnico,END_FUNC_PROC, dameSurtidor,0,5,1542231442990281717,82
idUnico,BEGIN_FUNC_PROC, dejoSurtidor,0,6,1542231443009974671,83
idUnico,END_FUNC_PROC, dejoSurtidor,1,6,1542231443010160623,84
idUnico,BEGIN_FUNC_PROC, dameSurtidor,1,6,1542231443010334822,85
idUnico,END_FUNC_PROC, dameSurtidor,0,6,1542231443010494523,86
idUnico,BEGIN_FUNC_PROC, dejoSurtidor,0,16,1542231443156458781,87
idUnico,END_FUNC_PROC, dejoSurtidor,1,16,1542231443156771702,88
idUnico,BEGIN_FUNC_PROC, dameSurtidor,1,16,1542231443156951942,89
idUnico,END_FUNC_PROC, dameSurtidor,0,16,1542231443157111094,90
idUnico,BEGIN_FUNC_PROC, dejoSurtidor,0,17,1542231443310869618,91
idUnico,END_FUNC_PROC, dejoSurtidor,1,17,1542231443311164087,92
idUnico,BEGIN_FUNC_PROC, dameSurtidor,1,17,1542231443311345645,93
idUnico,END_FUNC_PROC, dameSurtidor,0,17,1542231443311506115,94
idUnico,BEGIN_FUNC_PROC, dejoSurtidor,0,11,1542231443361955872,95
idUnico,END_FUNC_PROC, dejoSurtidor,1,11,1542231443362140176,96
idUnico,BEGIN_FUNC_PROC, dameSurtidor,1,11,1542231443362314814,97
idUnico,END_FUNC_PROC, dameSurtidor,0,11,1542231443362479348,98
idUnico,BEGIN_FUNC_PROC, dejoSurtidor,0,5,1542231443623546289,99
idUnico,END_FUNC_PROC, dejoSurtidor,1,5,1542231443623732680,100
idUnico,BEGIN_FUNC_PROC, dameSurtidor,1,5,1542231443623907428,101
idUnico,END_FUNC_PROC, dameSurtidor,0,5,1542231443624068447,102
idUnico,BEGIN_FUNC_PROC, dejoSurtidor,0,12,1542231443749097512,103
idUnico,END_FUNC_PROC, dejoSurtidor,1,12,1542231443749278960,104
idUnico,BEGIN_FUNC_PROC, dameSurtidor,1,12,1542231443749452280,105
idUnico,END_FUNC_PROC, dameSurtidor,0,12,1542231443749613299,106
idUnico,BEGIN_FUNC_PROC, dejoSurtidor,0,17,1542231443792733405,107
idUnico,END_FUNC_PROC, dejoSurtidor,1,17,1542231443792914524,108
idUnico,BEGIN_FUNC_PROC, dameSurtidor,1,17,1542231443793089492,109
idUnico,END_FUNC_PROC, dameSurtidor,0,17,1542231443793254245,110
idUnico,BEGIN_FUNC_PROC, dejoSurtidor,0,6,1542231443808729405,111
idUnico,END_FUNC_PROC, dejoSurtidor,1,6,1542231443808912172,112
idUnico,BEGIN_FUNC_PROC, dameSurtidor,1,6,1542231443809087579,113
idUnico,END_FUNC_PROC, dameSurtidor,0,6,1542231443809249257,114
idUnico,BEGIN_FUNC_PROC, dejoSurtidor,0,5,1542231443864282779,115
idUnico,END_FUNC_PROC, dejoSurtidor,1,5,1542231443864462140,116
idUnico,BEGIN_FUNC_PROC, dameSurtidor,1,5,1542231443864636669,117
idUnico,END_FUNC_PROC, dameSurtidor,0,5,1542231443864797907,118
idUnico,BEGIN_FUNC_PROC, dejoSurtidor,0,16,1542231443961357053,119
idUnico,END_FUNC_PROC, dejoSurtidor,1,16,1542231443961540479,120
idUnico,BEGIN_FUNC_PROC, dameSurtidor,1,16,1542231443961714788,121
idUnico,END_FUNC_PROC, dameSurtidor,0,16,1542231443961876246,122
idUnico,BEGIN_FUNC_PROC, dejoSurtidor,0,11,1542231444074751025,123
idUnico,END_FUNC_PROC, dejoSurtidor,1,11,1542231444075076797,124
idUnico,BEGIN_FUNC_PROC, dameSurtidor,1,11,1542231444075259124,125
idUnico,END_FUNC_PROC, dameSurtidor,0,11,1542231444075420473,126
idUnico,BEGIN_FUNC_PROC, dejoSurtidor,0,17,1542231444077483073,127
idUnico,END_FUNC_PROC, dejoSurtidor,1,17,1542231444077666938,128
idUnico,BEGIN_FUNC_PROC, dameSurtidor,1,17,1542231444077842345,129
idUnico,END_FUNC_PROC, dameSurtidor,0,17,1542231444078002595,130
idUnico,BEGIN_FUNC_PROC, dejoSurtidor,0,5,1542231444122026866,131
idUnico,END_FUNC_PROC, dejoSurtidor,1,5,1542231444122211720,132
idUnico,BEGIN_FUNC_PROC, dameSurtidor,1,5,1542231444122386687,133
idUnico,END_FUNC_PROC, dameSurtidor,0,5,1542231444122548475,134
idUnico,BEGIN_FUNC_PROC, dejoSurtidor,0,16,1542231444560143375,135
idUnico,END_FUNC_PROC, dejoSurtidor,1,16,1542231444560436855,136
idUnico,BEGIN_FUNC_PROC, dameSurtidor,1,16,1542231444560617095,137
idUnico,END_FUNC_PROC, dameSurtidor,0,16,1542231444560778444,138
idUnico,BEGIN_FUNC_PROC, dejoSurtidor,0,11,1542231444587659373,139
idUnico,END_FUNC_PROC, dejoSurtidor,1,11,1542231444587890796,140
idUnico,BEGIN_FUNC_PROC, dameSurtidor,1,11,1542231444588065764,141
idUnico,END_FUNC_PROC, dameSurtidor,0,11,1542231444588229090,142
idUnico,BEGIN_FUNC_PROC, dejoSurtidor,0,12,1542231444597852436,143
idUnico,END_FUNC_PROC, dejoSurtidor,1,12,1542231444598034653,144
idUnico,BEGIN_FUNC_PROC, dameSurtidor,1,12,1542231444598208632,145
idUnico,END_FUNC_PROC, dameSurtidor,0,12,1542231444598370749,146
idUnico,BEGIN_FUNC_PROC, dejoSurtidor,0,5,1542231444625785259,147
idUnico,END_FUNC_PROC, dejoSurtidor,1,5,1542231444625968245,148
idUnico,BEGIN_FUNC_PROC, dameSurtidor,1,5,1542231444626142774,149
idUnico,END_FUNC_PROC, dameSurtidor,0,5,1542231444626303792,150
idUnico,BEGIN_FUNC_PROC, dejoSurtidor,0,6,1542231444680492460,151
idUnico,END_FUNC_PROC, dejoSurtidor,1,6,1542231444680675995,152
idUnico,BEGIN_FUNC_PROC, dameSurtidor,1,6,1542231444680851182,153
idUnico,END_FUNC_PROC, dameSurtidor,0,6,1542231444681012201,154
idUnico,BEGIN_FUNC_PROC, dejoSurtidor,0,6,1542231444794223944,155
idUnico,END_FUNC_PROC, dejoSurtidor,1,6,1542231444794402207,156
idUnico,BEGIN_FUNC_PROC, dameSurtidor,1,6,1542231444794576846,157
idUnico,END_FUNC_PROC, dameSurtidor,0,6,1542231444794739073,158
idUnico,BEGIN_FUNC_PROC, dejoSurtidor,0,16,1542231444802995747,159
idUnico,END_FUNC_PROC, dejoSurtidor,1,16,1542231444803174559,160
idUnico,BEGIN_FUNC_PROC, dameSurtidor,1,16,1542231444803350406,161
idUnico,END_FUNC_PROC, dameSurtidor,0,16,1542231444803511425,162
idUnico,BEGIN_FUNC_PROC, dejoSurtidor,0,17,1542231444898236428,163
idUnico,END_FUNC_PROC, dejoSurtidor,1,17,1542231444898419524,164
idUnico,BEGIN_FUNC_PROC, dameSurtidor,1,17,1542231444898594711,165
idUnico,END_FUNC_PROC, dameSurtidor,0,17,1542231444898756170,166
idUnico,BEGIN_FUNC_PROC, dejoSurtidor,0,5,1542231445186558056,167
idUnico,END_FUNC_PROC, dejoSurtidor,1,5,1542231445186856808,168
idUnico,BEGIN_FUNC_PROC, dameSurtidor,1,5,1542231445187039684,169
idUnico,END_FUNC_PROC, dameSurtidor,0,5,1542231445187212016,170
idUnico,BEGIN_FUNC_PROC, dejoSurtidor,0,12,1542231445338637745,171
idUnico,END_FUNC_PROC, dejoSurtidor,1,12,1542231445338953522,172
idUnico,BEGIN_FUNC_PROC, dameSurtidor,1,12,1542231445339134531,173
idUnico,END_FUNC_PROC, dameSurtidor,0,12,1542231445339294562,174
idUnico,BEGIN_FUNC_PROC, dejoSurtidor,0,16,1542231445347749038,175
idUnico,END_FUNC_PROC, dejoSurtidor,1,16,1542231445347933233,176
idUnico,BEGIN_FUNC_PROC, dameSurtidor,1,16,1542231445348107871,177
idUnico,END_FUNC_PROC, dameSurtidor,0,16,1542231445348269879,178
idUnico,BEGIN_FUNC_PROC, dejoSurtidor,0,11,1542231445383471163,179
idUnico,END_FUNC_PROC, dejoSurtidor,1,11,1542231445383657225,180
idUnico,BEGIN_FUNC_PROC, dameSurtidor,1,11,1542231445383833181,181
idUnico,END_FUNC_PROC, dameSurtidor,0,11,1542231445383999912,182
idUnico,BEGIN_FUNC_PROC, dejoSurtidor,0,16,1542231445489496712,183
idUnico,END_FUNC_PROC, dejoSurtidor,1,16,1542231445489707596,184
idUnico,BEGIN_FUNC_PROC, dameSurtidor,1,16,1542231445489883223,185
idUnico,END_FUNC_PROC, dameSurtidor,0,16,1542231445490043803,186
idUnico,BEGIN_FUNC_PROC, dejoSurtidor,0,6,1542231445554975039,187
idUnico,END_FUNC_PROC, dejoSurtidor,1,6,1542231445555193832,188
idUnico,BEGIN_FUNC_PROC, dameSurtidor,1,6,1542231445555368909,189
idUnico,END_FUNC_PROC, dameSurtidor,0,6,1542231445555531466,190
idUnico,BEGIN_FUNC_PROC, dejoSurtidor,0,12,1542231445667534920,191
idUnico,END_FUNC_PROC, dejoSurtidor,1,12,1542231445667738116,192
idUnico,BEGIN_FUNC_PROC, dameSurtidor,1,12,1542231445667941532,193
idUnico,END_FUNC_PROC, dameSurtidor,0,12,1542231445668126385,194
idUnico,BEGIN_FUNC_PROC, dejoSurtidor,0,17,1542231445694993244,195
idUnico,END_FUNC_PROC, dejoSurtidor,1,17,1542231445695177877,196
idUnico,BEGIN_FUNC_PROC, dameSurtidor,1,17,1542231445695353724,197
idUnico,END_FUNC_PROC, dameSurtidor,0,17,1542231445695515292,198
idUnico,BEGIN_FUNC_PROC, dejoSurtidor,0,5,1542231445786458988,199
idUnico,END_FUNC_PROC, dejoSurtidor,1,5,1542231445786675693,200
idUnico,BEGIN_FUNC_PROC, dameSurtidor,1,5,1542231445786852968,201
idUnico,END_FUNC_PROC, dameSurtidor,0,5,1542231445787015085,202
idUnico,BEGIN_FUNC_PROC, dejoSurtidor,0,17,1542231445965744269,203
idUnico,END_FUNC_PROC, dejoSurtidor,1,17,1542231445965950760,204
idUnico,BEGIN_FUNC_PROC, dameSurtidor,1,17,1542231445966126826,205
idUnico,END_FUNC_PROC, dameSurtidor,0,17,1542231445966287186,206
idUnico,BEGIN_FUNC_PROC, dejoSurtidor,0,12,1542231445969372135,207
idUnico,END_FUNC_PROC, dejoSurtidor,1,12,1542231445969554022,208
idUnico,BEGIN_FUNC_PROC, dameSurtidor,1,12,1542231445969728221,209
idUnico,END_FUNC_PROC, dameSurtidor,0,12,1542231445969889789,210
idUnico,BEGIN_FUNC_PROC, dejoSurtidor,0,11,1542231446020276831,211
idUnico,END_FUNC_PROC, dejoSurtidor,1,11,1542231446020562733,212
idUnico,BEGIN_FUNC_PROC, dameSurtidor,1,11,1542231446020744291,213
idUnico,END_FUNC_PROC, dameSurtidor,0,11,1542231446020905969,214
idUnico,BEGIN_FUNC_PROC, dejoSurtidor,0,5,1542231446165270473,215
idUnico,END_FUNC_PROC, dejoSurtidor,1,5,1542231446165567688,216
idUnico,BEGIN_FUNC_PROC, dameSurtidor,1,5,1542231446165749465,217
idUnico,END_FUNC_PROC, dameSurtidor,0,5,1542231446165919601,218
idUnico,BEGIN_FUNC_PROC, dejoSurtidor,0,16,1542231446229283057,219
idUnico,END_FUNC_PROC, dejoSurtidor,1,16,1542231446229467691,220
idUnico,BEGIN_FUNC_PROC, dameSurtidor,1,16,1542231446229643318,221
idUnico,END_FUNC_PROC, dameSurtidor,0,16,1542231446229805215,222
idUnico,BEGIN_FUNC_PROC, dejoSurtidor,0,12,1542231446363160359,223
idUnico,END_FUNC_PROC, dejoSurtidor,1,12,1542231446363454828,224
idUnico,BEGIN_FUNC_PROC, dameSurtidor,1,12,1542231446363634299,225
idUnico,END_FUNC_PROC, dameSurtidor,0,12,1542231446363794329,226
idUnico,BEGIN_FUNC_PROC, dejoSurtidor,0,6,1542231446416767447,227
idUnico,END_FUNC_PROC, dejoSurtidor,1,6,1542231446416952190,228
idUnico,BEGIN_FUNC_PROC, dameSurtidor,1,6,1542231446417126938,229
idUnico,END_FUNC_PROC, dameSurtidor,0,6,1542231446417287957,230
idUnico,BEGIN_FUNC_PROC, dejoSurtidor,0,16,1542231446705039759,231
idUnico,END_FUNC_PROC, dejoSurtidor,1,16,1542231446705230763,232
idUnico,BEGIN_FUNC_PROC, dameSurtidor,1,16,1542231446705406500,233
idUnico,END_FUNC_PROC, dameSurtidor,0,16,1542231446705568397,234
idUnico,BEGIN_FUNC_PROC, dejoSurtidor,0,17,1542231446833526555,235
idUnico,END_FUNC_PROC, dejoSurtidor,1,17,1542231446833709321,236
idUnico,BEGIN_FUNC_PROC, dameSurtidor,1,17,1542231446833883740,237
idUnico,END_FUNC_PROC, dameSurtidor,0,17,1542231446834044649,238
idUnico,BEGIN_FUNC_PROC, dejoSurtidor,0,11,1542231446894147518,239
idUnico,END_FUNC_PROC, dejoSurtidor,1,11,1542231446894331273,240
idUnico,BEGIN_FUNC_PROC, dameSurtidor,1,11,1542231446894507010,241
idUnico,END_FUNC_PROC, dameSurtidor,0,11,1542231446894667699,242
idUnico,BEGIN_FUNC_PROC, dejoSurtidor,0,5,1542231446993180390,243
idUnico,END_FUNC_PROC, dejoSurtidor,1,5,1542231446993425103,244
idUnico,BEGIN_FUNC_PROC, dameSurtidor,1,5,1542231446993605563,245
idUnico,END_FUNC_PROC, dameSurtidor,0,5,1542231446993766692,246
idUnico,BEGIN_FUNC_PROC, dejoSurtidor,0,12,1542231447049068102,247
idUnico,END_FUNC_PROC, dejoSurtidor,1,12,1542231447049393325,248
idUnico,BEGIN_FUNC_PROC, dameSurtidor,1,12,1542231447049575762,249
idUnico,END_FUNC_PROC, dameSurtidor,0,12,1542231447049736561,250
idUnico,BEGIN_FUNC_PROC, dejoSurtidor,0,17,1542231447161273972,251
idUnico,END_FUNC_PROC, dejoSurtidor,1,17,1542231447161472335,252
idUnico,BEGIN_FUNC_PROC, dameSurtidor,1,17,1542231447161648072,253
idUnico,END_FUNC_PROC, dameSurtidor,0,17,1542231447161809530,254
idUnico,BEGIN_FUNC_PROC, dejoSurtidor,0,16,1542231447287803389,255
idUnico,END_FUNC_PROC, dejoSurtidor,1,16,1542231447287989341,256
idUnico,BEGIN_FUNC_PROC, dameSurtidor,1,16,1542231447288164748,257
idUnico,END_FUNC_PROC, dameSurtidor,0,16,1542231447288326426,258
idUnico,BEGIN_FUNC_PROC, dejoSurtidor,0,6,1542231447297525587,259
idUnico,END_FUNC_PROC, dejoSurtidor,1,6,1542231447297708683,260
idUnico,BEGIN_FUNC_PROC, dameSurtidor,1,6,1542231447297882663,261
idUnico,END_FUNC_PROC, dameSurtidor,0,6,1542231447298043791,262
idUnico,BEGIN_FUNC_PROC, dejoSurtidor,0,5,1542231447377033323,263
idUnico,END_FUNC_PROC, dejoSurtidor,1,5,1542231447377330977,264
idUnico,END_FUNC_PROC, dameSurtidor,0,15,1542231447377540873,265
idUnico,BEGIN_FUNC_PROC, dejoSurtidor,0,17,1542231447430043345,266
idUnico,END_FUNC_PROC, dejoSurtidor,1,17,1542231447430237644,267
idUnico,BEGIN_FUNC_PROC, dameSurtidor,1,17,1542231447430413381,268
idUnico,END_FUNC_PROC, dameSurtidor,0,17,1542231447430575938,269
idUnico,BEGIN_FUNC_PROC, dejoSurtidor,0,12,1542231447476975292,270
idUnico,END_FUNC_PROC, dejoSurtidor,1,12,1542231447477159926,271
idUnico,END_FUNC_PROC, dameSurtidor,0,22,1542231447477353127,272
idUnico,BEGIN_FUNC_PROC, dejoSurtidor,0,15,1542231447650822288,273
idUnico,END_FUNC_PROC, dejoSurtidor,1,15,1542231447651131255,274
idUnico,BEGIN_FUNC_PROC, dameSurtidor,1,15,1542231447651312813,275
idUnico,END_FUNC_PROC, dameSurtidor,0,15,1542231447651474272,276
idUnico,BEGIN_FUNC_PROC, dejoSurtidor,0,16,1542231447682592653,277
idUnico,END_FUNC_PROC, dejoSurtidor,1,16,1542231447682916778,278
idUnico,END_FUNC_PROC, dameSurtidor,0,4,1542231447683143369,279
idUnico,BEGIN_FUNC_PROC, dejoSurtidor,0,6,1542231447710319305,280
idUnico,END_FUNC_PROC, dejoSurtidor,1,6,1542231447710640574,281
idUnico,BEGIN_FUNC_PROC, dameSurtidor,1,6,1542231447710837179,282
idUnico,END_FUNC_PROC, dameSurtidor,0,6,1542231447711024888,283
idUnico,BEGIN_FUNC_PROC, dejoSurtidor,0,11,1542231447714913174,284
idUnico,END_FUNC_PROC, dejoSurtidor,1,11,1542231447715107803,285
idUnico,BEGIN_FUNC_PROC, dameSurtidor,1,11,1542231447715304957,286
idUnico,END_FUNC_PROC, dameSurtidor,0,11,1542231447715483550,287
idUnico,BEGIN_FUNC_PROC, dejoSurtidor,0,22,1542231447890624189,288
idUnico,END_FUNC_PROC, dejoSurtidor,1,22,1542231447890939636,289
idUnico,BEGIN_FUNC_PROC, dameSurtidor,1,22,1542231447891121634,290
idUnico,END_FUNC_PROC, dameSurtidor,0,22,1542231447891282652,291
idUnico,BEGIN_FUNC_PROC, dejoSurtidor,0,11,1542231448177763998,292
idUnico,END_FUNC_PROC, dejoSurtidor,1,11,1542231448178130959,293
idUnico,BEGIN_FUNC_PROC, dameSurtidor,1,11,1542231448178311967,294
idUnico,END_FUNC_PROC, dameSurtidor,0,11,1542231448178473316,295
idUnico,BEGIN_FUNC_PROC, dejoSurtidor,0,6,1542231448193283533,296
idUnico,END_FUNC_PROC, dejoSurtidor,1,6,1542231448193467727,297
idUnico,BEGIN_FUNC_PROC, dameSurtidor,1,6,1542231448193642695,298
idUnico,END_FUNC_PROC, dameSurtidor,0,6,1542231448193804482,299
idUnico,BEGIN_FUNC_PROC, dejoSurtidor,0,4,1542231448292422604,300
idUnico,END_FUNC_PROC, dejoSurtidor,1,4,1542231448292629095,301
idUnico,BEGIN_FUNC_PROC, dameSurtidor,1,4,1542231448292824712,302
idUnico,END_FUNC_PROC, dameSurtidor,0,4,1542231448293002536,303
idUnico,BEGIN_FUNC_PROC, dejoSurtidor,0,17,1542231448317830529,304
idUnico,END_FUNC_PROC, dejoSurtidor,1,17,1542231448318058658,305
idUnico,END_FUNC_PROC, dameSurtidor,0,21,1542231448318256032,306
idUnico,BEGIN_FUNC_PROC, dejoSurtidor,0,15,1542231448367735612,307
idUnico,END_FUNC_PROC, dejoSurtidor,1,15,1542231448367961434,308
idUnico,BEGIN_FUNC_PROC, dameSurtidor,1,15,1542231448368156612,309
idUnico,END_FUNC_PROC, dameSurtidor,0,15,1542231448368334765,310
idUnico,BEGIN_FUNC_PROC, dejoSurtidor,0,6,1542231448455054079,311
idUnico,END_FUNC_PROC, dejoSurtidor,1,6,1542231448455332402,312
idUnico,END_FUNC_PROC, dameSurtidor,0,9,1542231448455534280,313
idUnico,BEGIN_FUNC_PROC, dejoSurtidor,0,4,1542231448570252966,314
idUnico,END_FUNC_PROC, dejoSurtidor,1,4,1542231448570451439,315
idUnico,BEGIN_FUNC_PROC, dameSurtidor,1,4,1542231448570627395,316
idUnico,END_FUNC_PROC, dameSurtidor,0,4,1542231448570788194,317
idUnico,BEGIN_FUNC_PROC, dejoSurtidor,0,21,1542231448570968654,318
idUnico,END_FUNC_PROC, dejoSurtidor,1,21,1542231448571135274,319
idUnico,BEGIN_FUNC_PROC, dameSurtidor,1,21,1542231448571309144,320
idUnico,END_FUNC_PROC, dameSurtidor,0,21,1542231448571469284,321
idUnico,BEGIN_FUNC_PROC, dejoSurtidor,0,11,1542231448619708602,322
idUnico,END_FUNC_PROC, dejoSurtidor,1,11,1542231448619894005,323
idUnico,END_FUNC_PROC, dameSurtidor,0,8,1542231448620084020,324
idUnico,BEGIN_FUNC_PROC, dejoSurtidor,0,9,1542231448665771860,325
idUnico,END_FUNC_PROC, dejoSurtidor,1,9,1542231448665955285,326
idUnico,BEGIN_FUNC_PROC, dameSurtidor,1,9,1542231448666131132,327
idUnico,END_FUNC_PROC, dameSurtidor,0,9,1542231448666293030,328
idUnico,BEGIN_FUNC_PROC, dejoSurtidor,0,22,1542231448678532339,329
idUnico,END_FUNC_PROC, dejoSurtidor,1,22,1542231448678717082,330
idUnico,BEGIN_FUNC_PROC, dameSurtidor,1,22,1542231448678892709,331
idUnico,END_FUNC_PROC, dameSurtidor,0,22,1542231448679060648,332
idUnico,BEGIN_FUNC_PROC, dejoSurtidor,0,4,1542231448683003852,333
idUnico,END_FUNC_PROC, dejoSurtidor,1,4,1542231448683181785,334
idUnico,BEGIN_FUNC_PROC, dameSurtidor,1,4,1542231448683354666,335
idUnico,END_FUNC_PROC, dameSurtidor,0,4,1542231448683521506,336
idUnico,BEGIN_FUNC_PROC, dejoSurtidor,0,9,1542231448882532911,337
idUnico,END_FUNC_PROC, dejoSurtidor,1,9,1542231448882794319,338
idUnico,BEGIN_FUNC_PROC, dameSurtidor,1,9,1542231448882973351,339
idUnico,END_FUNC_PROC, dameSurtidor,0,9,1542231448883134480,340
idUnico,BEGIN_FUNC_PROC, dejoSurtidor,0,4,1542231448892746073,341
idUnico,END_FUNC_PROC, dejoSurtidor,1,4,1542231448892931476,342
idUnico,BEGIN_FUNC_PROC, dameSurtidor,1,4,1542231448893105235,343
idUnico,END_FUNC_PROC, dameSurtidor,0,4,1542231448893266034,344
idUnico,BEGIN_FUNC_PROC, dejoSurtidor,0,15,1542231449038634227,345
idUnico,END_FUNC_PROC, dejoSurtidor,1,15,1542231449038950443,346
idUnico,BEGIN_FUNC_PROC, dameSurtidor,1,15,1542231449039132441,347
idUnico,END_FUNC_PROC, dameSurtidor,0,15,1542231449039293130,348
idUnico,BEGIN_FUNC_PROC, dejoSurtidor,0,4,1542231449112497066,349
idUnico,END_FUNC_PROC, dejoSurtidor,1,4,1542231449112695319,350
idUnico,BEGIN_FUNC_PROC, dameSurtidor,1,4,1542231449112871825,351
idUnico,END_FUNC_PROC, dameSurtidor,0,4,1542231449113038006,352
idUnico,BEGIN_FUNC_PROC, dejoSurtidor,0,8,1542231449121324544,353
idUnico,END_FUNC_PROC, dejoSurtidor,1,8,1542231449121509287,354
idUnico,BEGIN_FUNC_PROC, dameSurtidor,1,8,1542231449121683047,355
idUnico,END_FUNC_PROC, dameSurtidor,0,8,1542231449121847031,356
idUnico,BEGIN_FUNC_PROC, dejoSurtidor,0,22,1542231449128289114,357
idUnico,END_FUNC_PROC, dejoSurtidor,1,22,1542231449128473199,358
idUnico,BEGIN_FUNC_PROC, dameSurtidor,1,22,1542231449128646519,359
idUnico,END_FUNC_PROC, dameSurtidor,0,22,1542231449128806440,360
idUnico,BEGIN_FUNC_PROC, dejoSurtidor,0,21,1542231449327739422,361
idUnico,END_FUNC_PROC, dejoSurtidor,1,21,1542231449328035099,362
idUnico,BEGIN_FUNC_PROC, dameSurtidor,1,21,1542231449328216547,363
idUnico,END_FUNC_PROC, dameSurtidor,0,21,1542231449328377895,364
idUnico,BEGIN_FUNC_PROC, dejoSurtidor,0,9,1542231449433392726,365
idUnico,END_FUNC_PROC, dejoSurtidor,1,9,1542231449433680275,366
idUnico,BEGIN_FUNC_PROC, dameSurtidor,1,9,1542231449433860625,367
idUnico,END_FUNC_PROC, dameSurtidor,0,9,1542231449434026257,368
idUnico,BEGIN_FUNC_PROC, dejoSurtidor,0,15,1542231449484542245,369
idUnico,END_FUNC_PROC, dejoSurtidor,1,15,1542231449484746979,370
idUnico,BEGIN_FUNC_PROC, dameSurtidor,1,15,1542231449484920958,371
idUnico,END_FUNC_PROC, dameSurtidor,0,15,1542231449485081977,372
idUnico,BEGIN_FUNC_PROC, dejoSurtidor,0,22,1542231449560037141,373
idUnico,END_FUNC_PROC, dejoSurtidor,1,22,1542231449560237261,374
idUnico,BEGIN_FUNC_PROC, dameSurtidor,1,22,1542231449560413327,375
idUnico,END_FUNC_PROC, dameSurtidor,0,22,1542231449560573797,376
idUnico,BEGIN_FUNC_PROC, dejoSurtidor,0,4,1542231450004302800,377
idUnico,END_FUNC_PROC, dejoSurtidor,1,4,1542231450004601333,378
idUnico,BEGIN_FUNC_PROC, dameSurtidor,1,4,1542231450004782013,379
idUnico,END_FUNC_PROC, dameSurtidor,0,4,1542231450004943361,380
idUnico,BEGIN_FUNC_PROC, dejoSurtidor,0,8,1542231450016119123,381
idUnico,END_FUNC_PROC, dejoSurtidor,1,8,1542231450016360541,382
idUnico,BEGIN_FUNC_PROC, dameSurtidor,1,8,1542231450016544076,383
idUnico,END_FUNC_PROC, dameSurtidor,0,8,1542231450016705754,384
idUnico,BEGIN_FUNC_PROC, dejoSurtidor,0,15,1542231450031333754,385
idUnico,END_FUNC_PROC, dejoSurtidor,1,15,1542231450031577369,386
idUnico,BEGIN_FUNC_PROC, dameSurtidor,1,15,1542231450031755302,387
idUnico,END_FUNC_PROC, dameSurtidor,0,15,1542231450031916541,388
idUnico,BEGIN_FUNC_PROC, dejoSurtidor,0,21,1542231450035630738,389
idUnico,END_FUNC_PROC, dejoSurtidor,1,21,1542231450035817678,390
idUnico,BEGIN_FUNC_PROC, dameSurtidor,1,21,1542231450036011318,391
idUnico,END_FUNC_PROC, dameSurtidor,0,21,1542231450036190350,392
idUnico,BEGIN_FUNC_PROC, dejoSurtidor,0,9,1542231450105274697,393
idUnico,END_FUNC_PROC, dejoSurtidor,1,9,1542231450105471302,394
idUnico,BEGIN_FUNC_PROC, dameSurtidor,1,9,1542231450105647808,395
idUnico,END_FUNC_PROC, dameSurtidor,0,9,1542231450105809705,396
idUnico,BEGIN_FUNC_PROC, dejoSurtidor,0,8,1542231450123937614,397
idUnico,END_FUNC_PROC, dejoSurtidor,1,8,1542231450124118732,398
idUnico,BEGIN_FUNC_PROC, dameSurtidor,1,8,1542231450124489208,399
idUnico,END_FUNC_PROC, dameSurtidor,0,8,1542231450124649897,400
idUnico,BEGIN_FUNC_PROC, dejoSurtidor,0,22,1542231450150813380,401
idUnico,END_FUNC_PROC, dejoSurtidor,1,22,1542231450150994938,402
idUnico,BEGIN_FUNC_PROC, dameSurtidor,1,22,1542231450151169686,403
idUnico,END_FUNC_PROC, dameSurtidor,0,22,1542231450151331254,404
idUnico,BEGIN_FUNC_PROC, dejoSurtidor,0,21,1542231450166425836,405
idUnico,END_FUNC_PROC, dejoSurtidor,1,21,1542231450166604209,406
idUnico,BEGIN_FUNC_PROC, dameSurtidor,1,21,1542231450166778737,407
idUnico,END_FUNC_PROC, dameSurtidor,0,21,1542231450166945467,408
idUnico,BEGIN_FUNC_PROC, dejoSurtidor,0,15,1542231450299160299,409
idUnico,END_FUNC_PROC, dejoSurtidor,1,15,1542231450299391613,410
idUnico,BEGIN_FUNC_PROC, dameSurtidor,1,15,1542231450299569876,411
idUnico,END_FUNC_PROC, dameSurtidor,0,15,1542231450299729357,412
idUnico,BEGIN_FUNC_PROC, dejoSurtidor,0,8,1542231450352889196,413
idUnico,END_FUNC_PROC, dejoSurtidor,1,8,1542231450353141488,414
idUnico,BEGIN_FUNC_PROC, dameSurtidor,1,8,1542231450353319092,415
idUnico,END_FUNC_PROC, dameSurtidor,0,8,1542231450353479342,416
idUnico,BEGIN_FUNC_PROC, dejoSurtidor,0,21,1542231450542204884,417
idUnico,END_FUNC_PROC, dejoSurtidor,1,21,1542231450542498474,418
idUnico,BEGIN_FUNC_PROC, dameSurtidor,1,21,1542231450542680142,419
idUnico,END_FUNC_PROC, dameSurtidor,0,21,1542231450542845884,420
idUnico,BEGIN_FUNC_PROC, dejoSurtidor,0,9,1542231450593036649,421
idUnico,END_FUNC_PROC, dejoSurtidor,1,9,1542231450593220294,422
idUnico,BEGIN_FUNC_PROC, dameSurtidor,1,9,1542231450593396800,423
idUnico,END_FUNC_PROC, dameSurtidor,0,9,1542231450593562432,424
idUnico,BEGIN_FUNC_PROC, dejoSurtidor,0,8,1542231450598705588,425
idUnico,END_FUNC_PROC, dejoSurtidor,1,8,1542231450598885279,426
idUnico,BEGIN_FUNC_PROC, dameSurtidor,1,8,1542231450599060576,427
idUnico,END_FUNC_PROC, dameSurtidor,0,8,1542231450599221595,428
idUnico,BEGIN_FUNC_PROC, dejoSurtidor,0,15,1542231450616967934,429
idUnico,END_FUNC_PROC, dejoSurtidor,1,15,1542231450617149273,430
idUnico,BEGIN_FUNC_PROC, dameSurtidor,1,15,1542231450617324021,431
idUnico,END_FUNC_PROC, dameSurtidor,0,15,1542231450617486907,432
idUnico,BEGIN_FUNC_PROC, dejoSurtidor,0,4,1542231450765203590,433
idUnico,END_FUNC_PROC, dejoSurtidor,1,4,1542231450765431279,434
idUnico,BEGIN_FUNC_PROC, dameSurtidor,1,4,1542231450765607235,435
idUnico,END_FUNC_PROC, dameSurtidor,0,4,1542231450765767266,436
idUnico,BEGIN_FUNC_PROC, dejoSurtidor,0,21,1542231450842082523,437
idUnico,END_FUNC_PROC, dejoSurtidor,1,21,1542231450842280556,438
idUnico,BEGIN_FUNC_PROC, dameSurtidor,1,21,1542231450842455744,439
idUnico,END_FUNC_PROC, dameSurtidor,0,21,1542231450842617971,440
idUnico,BEGIN_FUNC_PROC, dejoSurtidor,0,22,1542231450862566304,441
idUnico,END_FUNC_PROC, dejoSurtidor,1,22,1542231450862746653,442
idUnico,BEGIN_FUNC_PROC, dameSurtidor,1,22,1542231450862921292,443
idUnico,END_FUNC_PROC, dameSurtidor,0,22,1542231450863083189,444
idUnico,BEGIN_FUNC_PROC, dejoSurtidor,0,15,1542231450883716885,445
idUnico,END_FUNC_PROC, dejoSurtidor,1,15,1542231450883899432,446
idUnico,BEGIN_FUNC_PROC, dameSurtidor,1,15,1542231450884072972,447
idUnico,END_FUNC_PROC, dameSurtidor,0,15,1542231450884235638,448
idUnico,BEGIN_FUNC_PROC, dejoSurtidor,0,15,1542231451045506349,449
idUnico,END_FUNC_PROC, dejoSurtidor,1,15,1542231451045812241,450
idUnico,BEGIN_FUNC_PROC, dameSurtidor,1,15,1542231451045996435,451
idUnico,END_FUNC_PROC, dameSurtidor,0,15,1542231451046157454,452
idUnico,BEGIN_FUNC_PROC, dejoSurtidor,0,8,1542231451194488239,453
idUnico,END_FUNC_PROC, dejoSurtidor,1,8,1542231451194807750,454
idUnico,BEGIN_FUNC_PROC, dameSurtidor,1,8,1542231451194990626,455
idUnico,END_FUNC_PROC, dameSurtidor,0,8,1542231451195159773,456
idUnico,BEGIN_FUNC_PROC, dejoSurtidor,0,4,1542231451225024371,457
idUnico,END_FUNC_PROC, dejoSurtidor,1,4,1542231451225271062,458
idUnico,BEGIN_FUNC_PROC, dameSurtidor,1,4,1542231451225449434,459
idUnico,END_FUNC_PROC, dameSurtidor,0,4,1542231451225610343,460
idUnico,BEGIN_FUNC_PROC, dejoSurtidor,0,9,1542231451237801984,461
idUnico,END_FUNC_PROC, dejoSurtidor,1,9,1542231451237988924,462
idUnico,BEGIN_FUNC_PROC, dameSurtidor,1,9,1542231451238166199,463
idUnico,END_FUNC_PROC, dameSurtidor,0,9,1542231451238326778,464
idUnico,BEGIN_FUNC_PROC, dejoSurtidor,0,21,1542231451285857108,465
idUnico,END_FUNC_PROC, dejoSurtidor,1,21,1542231451286039545,466
idUnico,BEGIN_FUNC_PROC, dameSurtidor,1,21,1542231451286215502,467
idUnico,END_FUNC_PROC, dameSurtidor,0,21,1542231451286377289,468
idUnico,BEGIN_FUNC_PROC, dejoSurtidor,0,4,1542231451331843701,469
idUnico,END_FUNC_PROC, dejoSurtidor,1,4,1542231451332053377,470
idUnico,BEGIN_FUNC_PROC, dameSurtidor,1,4,1542231451332228784,471
idUnico,END_FUNC_PROC, dameSurtidor,0,4,1542231451332390242,472
idUnico,BEGIN_FUNC_PROC, dejoSurtidor,0,8,1542231451575412299,473
idUnico,END_FUNC_PROC, dejoSurtidor,1,8,1542231451575680957,474
idUnico,BEGIN_FUNC_PROC, dameSurtidor,1,8,1542231451575860867,475
idUnico,END_FUNC_PROC, dameSurtidor,0,8,1542231451576022325,476
idUnico,BEGIN_FUNC_PROC, dejoSurtidor,0,4,1542231451664618618,477
idUnico,END_FUNC_PROC, dejoSurtidor,1,4,1542231451664814455,478
idUnico,END_FUNC_PROC, dameSurtidor,0,7,1542231451665006008,479
idUnico,BEGIN_FUNC_PROC, dejoSurtidor,0,21,1542231451685617088,480
idUnico,END_FUNC_PROC, dejoSurtidor,1,21,1542231451685797218,481
idUnico,BEGIN_FUNC_PROC, dameSurtidor,1,21,1542231451685970209,482
idUnico,END_FUNC_PROC, dameSurtidor,0,21,1542231451686134193,483
idUnico,BEGIN_FUNC_PROC, dejoSurtidor,0,9,1542231451734561989,484
idUnico,END_FUNC_PROC, dejoSurtidor,1,9,1542231451734744425,485
idUnico,BEGIN_FUNC_PROC, dameSurtidor,1,9,1542231451734920052,486
idUnico,END_FUNC_PROC, dameSurtidor,0,9,1542231451735083927,487
idUnico,BEGIN_FUNC_PROC, dejoSurtidor,0,22,1542231451749322011,488
idUnico,END_FUNC_PROC, dejoSurtidor,1,22,1542231451749501482,489
idUnico,BEGIN_FUNC_PROC, dameSurtidor,1,22,1542231451749675901,490
idUnico,END_FUNC_PROC, dameSurtidor,0,22,1542231451749837469,491
idUnico,BEGIN_FUNC_PROC, dejoSurtidor,0,15,1542231451853410710,492
idUnico,END_FUNC_PROC, dejoSurtidor,1,15,1542231451853613796,493
idUnico,END_FUNC_PROC, dameSurtidor,0,3,1542231451853812488,494
idUnico,BEGIN_FUNC_PROC, dejoSurtidor,0,7,1542231451864244003,495
idUnico,END_FUNC_PROC, dejoSurtidor,1,7,1542231451864430284,496
idUnico,BEGIN_FUNC_PROC, dameSurtidor,1,7,1542231451864628428,497
idUnico,END_FUNC_PROC, dameSurtidor,0,7,1542231451864806361,498
idUnico,BEGIN_FUNC_PROC, dejoSurtidor,0,22,1542231451902059604,499
idUnico,END_FUNC_PROC, dejoSurtidor,1,22,1542231451902247752,500
idUnico,BEGIN_FUNC_PROC, dameSurtidor,1,22,1542231451902423708,501
idUnico,END_FUNC_PROC, dameSurtidor,0,22,1542231451902585276,502
idUnico,BEGIN_FUNC_PROC, dejoSurtidor,0,8,1542231452035318532,503
idUnico,END_FUNC_PROC, dejoSurtidor,1,8,1542231452035671104,504
idUnico,BEGIN_FUNC_PROC, dameSurtidor,1,8,1542231452035852992,505
idUnico,END_FUNC_PROC, dameSurtidor,0,8,1542231452036014450,506
idUnico,BEGIN_FUNC_PROC, dejoSurtidor,0,3,1542231452071056924,507
idUnico,END_FUNC_PROC, dejoSurtidor,1,3,1542231452071260669,508
idUnico,BEGIN_FUNC_PROC, dameSurtidor,1,3,1542231452071435197,509
idUnico,END_FUNC_PROC, dameSurtidor,0,3,1542231452071596546,510
idUnico,BEGIN_FUNC_PROC, dejoSurtidor,0,22,1542231452230836082,511
idUnico,END_FUNC_PROC, dejoSurtidor,1,22,1542231452231113856,512
idUnico,BEGIN_FUNC_PROC, dameSurtidor,1,22,1542231452231292997,513
idUnico,END_FUNC_PROC, dameSurtidor,0,22,1542231452231453357,514
idUnico,BEGIN_FUNC_PROC, dejoSurtidor,0,9,1542231452289316241,515
idUnico,END_FUNC_PROC, dejoSurtidor,1,9,1542231452289498019,516
idUnico,BEGIN_FUNC_PROC, dameSurtidor,1,9,1542231452289674634,517
idUnico,END_FUNC_PROC, dameSurtidor,0,9,1542231452289838728,518
idUnico,BEGIN_FUNC_PROC, dejoSurtidor,0,7,1542231452533087375,519
idUnico,END_FUNC_PROC, dejoSurtidor,1,7,1542231452533374375,520
idUnico,BEGIN_FUNC_PROC, dameSurtidor,1,7,1542231452533553517,521
idUnico,END_FUNC_PROC, dameSurtidor,0,7,1542231452533714206,522
idUnico,BEGIN_FUNC_PROC, dejoSurtidor,0,21,1542231452579378761,523
idUnico,END_FUNC_PROC, dejoSurtidor,1,21,1542231452579559990,524
idUnico,BEGIN_FUNC_PROC, dameSurtidor,1,21,1542231452579734518,525
idUnico,END_FUNC_PROC, dameSurtidor,0,21,1542231452579897734,526
idUnico,BEGIN_FUNC_PROC, dejoSurtidor,0,3,1542231452681829593,527
idUnico,END_FUNC_PROC, dejoSurtidor,1,3,1542231452682010492,528
idUnico,BEGIN_FUNC_PROC, dameSurtidor,1,3,1542231452682186229,529
idUnico,END_FUNC_PROC, dameSurtidor,0,3,1542231452682347028,530
idUnico,BEGIN_FUNC_PROC, dejoSurtidor,0,21,1542231452800112562,531
idUnico,END_FUNC_PROC, dejoSurtidor,1,21,1542231452800290935,532
idUnico,END_FUNC_PROC, dameSurtidor,0,13,1542231452800491275,533
idUnico,BEGIN_FUNC_PROC, dejoSurtidor,0,8,1542231452896265317,534
idUnico,END_FUNC_PROC, dejoSurtidor,1,8,1542231452896450060,535
idUnico,BEGIN_FUNC_PROC, dameSurtidor,1,8,1542231452896625687,536
idUnico,END_FUNC_PROC, dameSurtidor,0,8,1542231452896786815,537
idUnico,BEGIN_FUNC_PROC, dejoSurtidor,0,9,1542231452920069863,538
idUnico,END_FUNC_PROC, dejoSurtidor,1,9,1542231452920250103,539
idUnico,BEGIN_FUNC_PROC, dameSurtidor,1,9,1542231452920424522,540
idUnico,END_FUNC_PROC, dameSurtidor,0,9,1542231452920589934,541
idUnico,BEGIN_FUNC_PROC, dejoSurtidor,0,3,1542231452938562864,542
idUnico,END_FUNC_PROC, dejoSurtidor,1,3,1542231452938741566,543
idUnico,BEGIN_FUNC_PROC, dameSurtidor,1,3,1542231452938916205,544
idUnico,END_FUNC_PROC, dameSurtidor,0,3,1542231452939077333,545
idUnico,BEGIN_FUNC_PROC, dejoSurtidor,0,22,1542231453017733185,546
idUnico,END_FUNC_PROC, dejoSurtidor,1,22,1542231453017977679,547
idUnico,END_FUNC_PROC, dameSurtidor,0,10,1542231453018185377,548
idUnico,BEGIN_FUNC_PROC, dejoSurtidor,0,7,1542231453173977605,549
idUnico,END_FUNC_PROC, dejoSurtidor,1,7,1542231453174254391,550
idUnico,BEGIN_FUNC_PROC, dameSurtidor,1,7,1542231453174433862,551
idUnico,END_FUNC_PROC, dameSurtidor,0,7,1542231453174594661,552
idUnico,BEGIN_FUNC_PROC, dejoSurtidor,0,13,1542231453271756913,553
idUnico,END_FUNC_PROC, dejoSurtidor,1,13,1542231453271940448,554
idUnico,BEGIN_FUNC_PROC, dameSurtidor,1,13,1542231453272115636,555
idUnico,END_FUNC_PROC, dameSurtidor,0,13,1542231453272276765,556
idUnico,BEGIN_FUNC_PROC, dejoSurtidor,0,9,1542231453377828592,557
idUnico,END_FUNC_PROC, dejoSurtidor,1,9,1542231453378033436,558
idUnico,END_FUNC_PROC, dameSurtidor,0,14,1542231453378232568,559
idUnico,BEGIN_FUNC_PROC, dejoSurtidor,0,10,1542231453613463334,560
idUnico,END_FUNC_PROC, dejoSurtidor,1,10,1542231453613707279,561
idUnico,BEGIN_FUNC_PROC, dameSurtidor,1,10,1542231453613886860,562
idUnico,END_FUNC_PROC, dameSurtidor,0,10,1542231453614048208,563
idUnico,BEGIN_FUNC_PROC, dejoSurtidor,0,8,1542231453736019771,564
idUnico,END_FUNC_PROC, dejoSurtidor,1,8,1542231453736199242,565
idUnico,END_FUNC_PROC, dameSurtidor,0,18,1542231453736389367,566
idUnico,BEGIN_FUNC_PROC, dejoSurtidor,0,3,1542231453778313815,567
idUnico,END_FUNC_PROC, dejoSurtidor,1,3,1542231453778492737,568
idUnico,BEGIN_FUNC_PROC, dameSurtidor,1,3,1542231453778668035,569
idUnico,END_FUNC_PROC, dameSurtidor,0,3,1542231453778829054,570
idUnico,BEGIN_FUNC_PROC, dejoSurtidor,0,10,1542231453951273111,571
idUnico,END_FUNC_PROC, dejoSurtidor,1,10,1542231453951450605,572
idUnico,BEGIN_FUNC_PROC, dameSurtidor,1,10,1542231453951625133,573
idUnico,END_FUNC_PROC, dameSurtidor,0,10,1542231453951787031,574
idUnico,BEGIN_FUNC_PROC, dejoSurtidor,0,7,1542231453969832133,575
idUnico,END_FUNC_PROC, dejoSurtidor,1,7,1542231453970013581,576
idUnico,BEGIN_FUNC_PROC, dameSurtidor,1,7,1542231453970187122,577
idUnico,END_FUNC_PROC, dameSurtidor,0,7,1542231453970347152,578
idUnico,BEGIN_FUNC_PROC, dejoSurtidor,0,14,1542231453988489558,579
idUnico,END_FUNC_PROC, dejoSurtidor,1,14,1542231453988665515,580
idUnico,BEGIN_FUNC_PROC, dameSurtidor,1,14,1542231453988840702,581
idUnico,END_FUNC_PROC, dameSurtidor,0,14,1542231453989001502,582
idUnico,BEGIN_FUNC_PROC, dejoSurtidor,0,13,1542231454083574822,583
idUnico,END_FUNC_PROC, dejoSurtidor,1,13,1542231454083888622,584
idUnico,BEGIN_FUNC_PROC, dameSurtidor,1,13,1542231454084070949,585
idUnico,END_FUNC_PROC, dameSurtidor,0,13,1542231454084232846,586
idUnico,BEGIN_FUNC_PROC, dejoSurtidor,0,18,1542231454179672438,587
idUnico,END_FUNC_PROC, dejoSurtidor,1,18,1542231454179977342,588
idUnico,BEGIN_FUNC_PROC, dameSurtidor,1,18,1542231454180158680,589
idUnico,END_FUNC_PROC, dameSurtidor,0,18,1542231454180319260,590
idUnico,BEGIN_FUNC_PROC, dejoSurtidor,0,14,1542231454201227445,591
idUnico,END_FUNC_PROC, dejoSurtidor,1,14,1542231454201408344,592
idUnico,BEGIN_FUNC_PROC, dameSurtidor,1,14,1542231454201583751,593
idUnico,END_FUNC_PROC, dameSurtidor,0,14,1542231454201749053,594
idUnico,BEGIN_FUNC_PROC, dejoSurtidor,0,3,1542231454360088805,595
idUnico,END_FUNC_PROC, dejoSurtidor,1,3,1542231454360380858,596
idUnico,BEGIN_FUNC_PROC, dameSurtidor,1,3,1542231454360562635,597
idUnico,END_FUNC_PROC, dameSurtidor,0,3,1542231454360723105,598
idUnico,BEGIN_FUNC_PROC, dejoSurtidor,0,3,1542231454477950995,599
idUnico,END_FUNC_PROC, dejoSurtidor,1,3,1542231454478174839,600
idUnico,BEGIN_FUNC_PROC, dameSurtidor,1,3,1542231454478349587,601
idUnico,END_FUNC_PROC, dameSurtidor,0,3,1542231454478515110,602
idUnico,BEGIN_FUNC_PROC, dejoSurtidor,0,7,1542231454483573363,603
idUnico,END_FUNC_PROC, dejoSurtidor,1,7,1542231454483754482,604
idUnico,BEGIN_FUNC_PROC, dameSurtidor,1,7,1542231454483929011,605
idUnico,END_FUNC_PROC, dameSurtidor,0,7,1542231454484096290,606
idUnico,BEGIN_FUNC_PROC, dejoSurtidor,0,13,1542231454484466655,607
idUnico,END_FUNC_PROC, dejoSurtidor,1,13,1542231454484646017,608
idUnico,BEGIN_FUNC_PROC, dameSurtidor,1,13,1542231454484819886,609
idUnico,END_FUNC_PROC, dameSurtidor,0,13,1542231454485016602,610
idUnico,BEGIN_FUNC_PROC, dejoSurtidor,0,10,1542231454597034983,611
idUnico,END_FUNC_PROC, dejoSurtidor,1,10,1542231454597259377,612
idUnico,BEGIN_FUNC_PROC, dameSurtidor,1,10,1542231454597436981,613
idUnico,END_FUNC_PROC, dameSurtidor,0,10,1542231454597597450,614
idUnico,BEGIN_FUNC_PROC, dejoSurtidor,0,14,1542231454609971967,615
idUnico,END_FUNC_PROC, dejoSurtidor,1,14,1542231454610157589,616
idUnico,BEGIN_FUNC_PROC, dameSurtidor,1,14,1542231454610331349,617
idUnico,END_FUNC_PROC, dameSurtidor,0,14,1542231454610490940,618
idUnico,BEGIN_FUNC_PROC, dejoSurtidor,0,18,1542231454745564570,619
idUnico,END_FUNC_PROC, dejoSurtidor,1,18,1542231454745744590,620
idUnico,BEGIN_FUNC_PROC, dameSurtidor,1,18,1542231454745919009,621
idUnico,END_FUNC_PROC, dameSurtidor,0,18,1542231454746081016,622
idUnico,BEGIN_FUNC_PROC, dejoSurtidor,0,10,1542231454767816141,623
idUnico,END_FUNC_PROC, dejoSurtidor,1,10,1542231454767991658,624
idUnico,BEGIN_FUNC_PROC, dameSurtidor,1,10,1542231454768171459,625
idUnico,END_FUNC_PROC, dameSurtidor,0,10,1542231454768335663,626
idUnico,BEGIN_FUNC_PROC, dejoSurtidor,0,13,1542231454988249871,627
idUnico,END_FUNC_PROC, dejoSurtidor,1,13,1542231454988456032,628
idUnico,BEGIN_FUNC_PROC, dameSurtidor,1,13,1542231454988633087,629
idUnico,END_FUNC_PROC, dameSurtidor,0,13,1542231454988794545,630
idUnico,BEGIN_FUNC_PROC, dejoSurtidor,0,7,1542231455026368617,631
idUnico,END_FUNC_PROC, dejoSurtidor,1,7,1542231455026675498,632
idUnico,BEGIN_FUNC_PROC, dameSurtidor,1,7,1542231455026865403,633
idUnico,END_FUNC_PROC, dameSurtidor,0,7,1542231455027026642,634
idUnico,BEGIN_FUNC_PROC, dejoSurtidor,0,3,1542231455059787724,635
idUnico,END_FUNC_PROC, dejoSurtidor,1,3,1542231455060082302,636
idUnico,BEGIN_FUNC_PROC, dameSurtidor,1,3,1542231455060265508,637
idUnico,END_FUNC_PROC, dameSurtidor,0,3,1542231455060427076,638
idUnico,BEGIN_FUNC_PROC, dejoSurtidor,0,18,1542231455159367455,639
idUnico,END_FUNC_PROC, dejoSurtidor,1,18,1542231455159691140,640
idUnico,BEGIN_FUNC_PROC, dameSurtidor,1,18,1542231455159874456,641
idUnico,END_FUNC_PROC, dameSurtidor,0,18,1542231455160035804,642
idUnico,BEGIN_FUNC_PROC, dejoSurtidor,0,14,1542231455163729022,643
idUnico,END_FUNC_PROC, dejoSurtidor,1,14,1542231455163912667,644
idUnico,BEGIN_FUNC_PROC, dameSurtidor,1,14,1542231455164088294,645
idUnico,END_FUNC_PROC, dameSurtidor,0,14,1542231455164249533,646
idUnico,BEGIN_FUNC_PROC, dejoSurtidor,0,10,1542231455210622306,647
idUnico,END_FUNC_PROC, dejoSurtidor,1,10,1542231455210941488,648
idUnico,BEGIN_FUNC_PROC, dameSurtidor,1,10,1542231455211124255,649
idUnico,END_FUNC_PROC, dameSurtidor,0,10,1542231455211286042,650
idUnico,BEGIN_FUNC_PROC, dejoSurtidor,0,7,1542231455241297174,651
idUnico,END_FUNC_PROC, dejoSurtidor,1,7,1542231455241609106,652
idUnico,BEGIN_FUNC_PROC, dameSurtidor,1,7,1542231455241802527,653
idUnico,END_FUNC_PROC, dameSurtidor,0,7,1542231455241979581,654
idUnico,BEGIN_FUNC_PROC, dejoSurtidor,0,13,1542231455439057661,655
idUnico,END_FUNC_PROC, dejoSurtidor,1,13,1542231455439364542,656
idUnico,BEGIN_FUNC_PROC, dameSurtidor,1,13,1542231455439545331,657
idUnico,END_FUNC_PROC, dameSurtidor,0,13,1542231455439706350,658
idUnico,BEGIN_FUNC_PROC, dejoSurtidor,0,18,1542231455497269602,659
idUnico,END_FUNC_PROC, dejoSurtidor,1,18,1542231455497456103,660
idUnico,BEGIN_FUNC_PROC, dameSurtidor,1,18,1542231455497630082,661
idUnico,END_FUNC_PROC, dameSurtidor,0,18,1542231455497793078,662
idUnico,BEGIN_FUNC_PROC, dejoSurtidor,0,14,1542231455578474955,663
idUnico,END_FUNC_PROC, dejoSurtidor,1,14,1542231455578653768,664
idUnico,BEGIN_FUNC_PROC, dameSurtidor,1,14,1542231455578827857,665
idUnico,END_FUNC_PROC, dameSurtidor,0,14,1542231455578989645,666
idUnico,BEGIN_FUNC_PROC, dejoSurtidor,0,7,1542231455606227418,667
idUnico,END_FUNC_PROC, dejoSurtidor,1,7,1542231455606407328,668
idUnico,BEGIN_FUNC_PROC, dameSurtidor,1,7,1542231455606581527,669
idUnico,END_FUNC_PROC, dameSurtidor,0,7,1542231455606742766,670
idUnico,BEGIN_FUNC_PROC, dejoSurtidor,0,3,1542231455680668772,671
idUnico,END_FUNC_PROC, dejoSurtidor,1,3,1542231455680850550,672
idUnico,BEGIN_FUNC_PROC, dameSurtidor,1,3,1542231455681025957,673
idUnico,END_FUNC_PROC, dameSurtidor,0,3,1542231455681190710,674
idUnico,BEGIN_FUNC_PROC, dejoSurtidor,0,10,1542231455894535878,675
idUnico,END_FUNC_PROC, dejoSurtidor,1,10,1542231455894717545,676
idUnico,BEGIN_FUNC_PROC, dameSurtidor,1,10,1542231455894893282,677
idUnico,END_FUNC_PROC, dameSurtidor,0,10,1542231455895057596,678
idUnico,BEGIN_FUNC_PROC, dejoSurtidor,0,3,1542231455928412228,679
idUnico,END_FUNC_PROC, dejoSurtidor,1,3,1542231455928588295,680
idUnico,BEGIN_FUNC_PROC, dameSurtidor,1,3,1542231455928763372,681
idUnico,END_FUNC_PROC, dameSurtidor,0,3,1542231455928926698,682
idUnico,BEGIN_FUNC_PROC, dejoSurtidor,0,18,1542231456155064953,683
idUnico,END_FUNC_PROC, dejoSurtidor,1,18,1542231456155376886,684
idUnico,BEGIN_FUNC_PROC, dameSurtidor,1,18,1542231456155557675,685
idUnico,END_FUNC_PROC, dameSurtidor,0,18,1542231456155719902,686
idUnico,BEGIN_FUNC_PROC, dejoSurtidor,0,13,1542231456164946961,687
idUnico,END_FUNC_PROC, dejoSurtidor,1,13,1542231456165130277,688
idUnico,BEGIN_FUNC_PROC, dameSurtidor,1,13,1542231456165303817,689
idUnico,END_FUNC_PROC, dameSurtidor,0,13,1542231456165464286,690
idUnico,BEGIN_FUNC_PROC, dejoSurtidor,0,10,1542231456190291281,691
idUnico,END_FUNC_PROC, dejoSurtidor,1,10,1542231456190479539,692
idUnico,BEGIN_FUNC_PROC, dameSurtidor,1,10,1542231456190655495,693
idUnico,END_FUNC_PROC, dameSurtidor,0,10,1542231456190818931,694
idUnico,BEGIN_FUNC_PROC, dejoSurtidor,0,7,1542231456198985211,695
idUnico,END_FUNC_PROC, dejoSurtidor,1,7,1542231456199180608,696
idUnico,BEGIN_FUNC_PROC, dameSurtidor,1,7,1542231456199381497,697
idUnico,END_FUNC_PROC, dameSurtidor,0,7,1542231456199568217,698
idUnico,BEGIN_FUNC_PROC, dejoSurtidor,0,14,1542231456211224508,699
idUnico,END_FUNC_PROC, dejoSurtidor,1,14,1542231456211404528,700
idUnico,BEGIN_FUNC_PROC, dameSurtidor,1,14,1542231456211579167,701
idUnico,END_FUNC_PROC, dameSurtidor,0,14,1542231456211741064,702
idUnico,BEGIN_FUNC_PROC, dejoSurtidor,0,7,1542231456630846807,703
idUnico,END_FUNC_PROC, dejoSurtidor,1,7,1542231456631148415,704
idUnico,END_FUNC_PROC, dameSurtidor,0,19,1542231456631356224,705
idUnico,BEGIN_FUNC_PROC, dejoSurtidor,0,3,1542231456666170242,706
idUnico,END_FUNC_PROC, dejoSurtidor,1,3,1542231456666354216,707
idUnico,END_FUNC_PROC, dameSurtidor,0,20,1542231456666542914,708
idUnico,BEGIN_FUNC_PROC, dejoSurtidor,0,18,1542231456739967618,709
idUnico,END_FUNC_PROC, dejoSurtidor,1,18,1542231456740158403,710
idUnico,BEGIN_FUNC_PROC, dameSurtidor,1,18,1542231456740319971,711
idUnico,END_FUNC_PROC, dameSurtidor,0,18,1542231456740480111,712
idUnico,BEGIN_FUNC_PROC, dejoSurtidor,0,10,1542231456883073858,713
idUnico,END_FUNC_PROC, dejoSurtidor,1,10,1542231456883293749,714
idUnico,BEGIN_FUNC_PROC, dameSurtidor,1,10,1542231456883454328,715
idUnico,END_FUNC_PROC, dameSurtidor,0,10,1542231456883644014,716
idUnico,BEGIN_FUNC_PROC, dejoSurtidor,0,13,1542231457011710568,717
idUnico,END_FUNC_PROC, dejoSurtidor,1,13,1542231457011911128,718
idUnico,BEGIN_FUNC_PROC, dameSurtidor,1,13,1542231457012071048,719
idUnico,END_FUNC_PROC, dameSurtidor,0,13,1542231457012229650,720
idUnico,BEGIN_FUNC_PROC, dejoSurtidor,0,14,1542231457081008106,721
idUnico,END_FUNC_PROC, dejoSurtidor,1,14,1542231457081304992,722
idUnico,BEGIN_FUNC_PROC, dameSurtidor,1,14,1542231457081467988,723
idUnico,END_FUNC_PROC, dameSurtidor,0,14,1542231457081627798,724
idUnico,BEGIN_FUNC_PROC, dejoSurtidor,0,18,1542231457468738343,725
idUnico,END_FUNC_PROC, dejoSurtidor,1,18,1542231457469020840,726
idUnico,BEGIN_FUNC_PROC, dameSurtidor,1,18,1542231457469182188,727
idUnico,END_FUNC_PROC, dameSurtidor,0,18,1542231457469343097,728
idUnico,BEGIN_FUNC_PROC, dejoSurtidor,0,19,1542231457485624352,729
idUnico,END_FUNC_PROC, dejoSurtidor,1,19,1542231457485802505,730
idUnico,BEGIN_FUNC_PROC, dameSurtidor,1,19,1542231457485964732,731
idUnico,END_FUNC_PROC, dameSurtidor,0,19,1542231457486124763,732
idUnico,BEGIN_FUNC_PROC, dejoSurtidor,0,20,1542231457494785291,733
idUnico,END_FUNC_PROC, dejoSurtidor,1,20,1542231457494962565,734
idUnico,BEGIN_FUNC_PROC, dameSurtidor,1,20,1542231457495123035,735
idUnico,END_FUNC_PROC, dameSurtidor,0,20,1542231457495284493,736
idUnico,BEGIN_FUNC_PROC, dejoSurtidor,0,10,1542231457584876993,737
idUnico,END_FUNC_PROC, dejoSurtidor,1,10,1542231457585054048,738
idUnico,BEGIN_FUNC_PROC, dameSurtidor,1,10,1542231457585215177,739
idUnico,END_FUNC_PROC, dameSurtidor,0,10,1542231457585373230,740
idUnico,BEGIN_FUNC_PROC, dejoSurtidor,0,13,1542231457777454894,741
idUnico,END_FUNC_PROC, dejoSurtidor,1,13,1542231457777630082,742
idUnico,BEGIN_FUNC_PROC, dameSurtidor,1,13,1542231457777789783,743
idUnico,END_FUNC_PROC, dameSurtidor,0,13,1542231457777949264,744
idUnico,BEGIN_FUNC_PROC, dejoSurtidor,0,14,1542231457795852668,745
idUnico,END_FUNC_PROC, dejoSurtidor,1,14,1542231457796027746,746
idUnico,BEGIN_FUNC_PROC, dameSurtidor,1,14,1542231457796189643,747
idUnico,END_FUNC_PROC, dameSurtidor,0,14,1542231457796351211,748
idUnico,BEGIN_FUNC_PROC, dejoSurtidor,0,18,1542231457818557982,749
idUnico,END_FUNC_PROC, dejoSurtidor,1,18,1542231457818731632,750
idUnico,BEGIN_FUNC_PROC, dameSurtidor,1,18,1542231457818893309,751
idUnico,END_FUNC_PROC, dameSurtidor,0,18,1542231457819053669,752
idUnico,BEGIN_FUNC_PROC, dejoSurtidor,0,10,1542231457917585679,753
idUnico,END_FUNC_PROC, dejoSurtidor,1,10,1542231457917760867,754
idUnico,BEGIN_FUNC_PROC, dejoSurtidor,1,20,1542231457940492431,755
idUnico,END_FUNC_PROC, dejoSurtidor,2,20,1542231457940665202,756
idUnico,BEGIN_FUNC_PROC, dameSurtidor,2,20,1542231457940827320,757
idUnico,END_FUNC_PROC, dameSurtidor,1,20,1542231457940986691,758
idUnico,BEGIN_FUNC_PROC, dejoSurtidor,1,18,1542231458102301776,759
idUnico,END_FUNC_PROC, dejoSurtidor,2,18,1542231458102596795,760
idUnico,BEGIN_FUNC_PROC, dameSurtidor,2,18,1542231458102758363,761
idUnico,END_FUNC_PROC, dameSurtidor,1,18,1542231458102918283,762
idUnico,BEGIN_FUNC_PROC, dejoSurtidor,1,19,1542231458139352043,763
idUnico,END_FUNC_PROC, dejoSurtidor,2,19,1542231458139530416,764
idUnico,BEGIN_FUNC_PROC, dameSurtidor,2,19,1542231458139693082,765
idUnico,END_FUNC_PROC, dameSurtidor,1,19,1542231458139853772,766
idUnico,BEGIN_FUNC_PROC, dejoSurtidor,1,20,1542231458407236693,767
idUnico,END_FUNC_PROC, dejoSurtidor,2,20,1542231458407525890,768
idUnico,BEGIN_FUNC_PROC, dameSurtidor,2,20,1542231458407687567,769
idUnico,END_FUNC_PROC, dameSurtidor,1,20,1542231458407847378,770
idUnico,BEGIN_FUNC_PROC, dejoSurtidor,1,14,1542231458408575806,771
idUnico,END_FUNC_PROC, dejoSurtidor,2,14,1542231458408753850,772
idUnico,BEGIN_FUNC_PROC, dameSurtidor,2,14,1542231458408914209,773
idUnico,END_FUNC_PROC, dameSurtidor,1,14,1542231458409072043,774
idUnico,BEGIN_FUNC_PROC, dejoSurtidor,1,19,1542231458427066501,775
idUnico,END_FUNC_PROC, dejoSurtidor,2,19,1542231458427242787,776
idUnico,BEGIN_FUNC_PROC, dameSurtidor,2,19,1542231458427405234,777
idUnico,END_FUNC_PROC, dameSurtidor,1,19,1542231458427565814,778
idUnico,BEGIN_FUNC_PROC, dejoSurtidor,1,13,1542231458470192977,779
idUnico,END_FUNC_PROC, dejoSurtidor,2,13,1542231458470368604,780
idUnico,BEGIN_FUNC_PROC, dameSurtidor,2,13,1542231458470529952,781
idUnico,END_FUNC_PROC, dameSurtidor,1,13,1542231458470689763,782
idUnico,BEGIN_FUNC_PROC, dejoSurtidor,1,19,1542231458612768920,783
idUnico,END_FUNC_PROC, dejoSurtidor,2,19,1542231458612944108,784
idUnico,BEGIN_FUNC_PROC, dameSurtidor,2,19,1542231458613105786,785
idUnico,END_FUNC_PROC, dameSurtidor,1,19,1542231458613267683,786
idUnico,BEGIN_FUNC_PROC, dejoSurtidor,1,14,1542231458652273461,787
idUnico,END_FUNC_PROC, dejoSurtidor,2,14,1542231458652447880,788
idUnico,BEGIN_FUNC_PROC, dejoSurtidor,2,18,1542231458763146050,789
idUnico,END_FUNC_PROC, dejoSurtidor,3,18,1542231458763323105,790
idUnico,BEGIN_FUNC_PROC, dejoSurtidor,3,13,1542231458788897199,791
idUnico,END_FUNC_PROC, dejoSurtidor,4,13,1542231458789069641,792
idUnico,BEGIN_FUNC_PROC, dejoSurtidor,4,20,1542231459170123868,793
idUnico,END_FUNC_PROC, dejoSurtidor,5,20,1542231459170424378,794
idUnico,BEGIN_FUNC_PROC, dameSurtidor,5,20,1542231459170586056,795
idUnico,END_FUNC_PROC, dameSurtidor,4,20,1542231459170746745,796
idUnico,BEGIN_FUNC_PROC, dejoSurtidor,4,19,1542231459412522499,797
idUnico,END_FUNC_PROC, dejoSurtidor,5,19,1542231459412803788,798
idUnico,BEGIN_FUNC_PROC, dameSurtidor,5,19,1542231459412965685,799
idUnico,END_FUNC_PROC, dameSurtidor,4,19,1542231459413126045,800
idUnico,BEGIN_FUNC_PROC, dejoSurtidor,4,20,1542231459554967847,801
idUnico,END_FUNC_PROC, dejoSurtidor,5,20,1542231459555144902,802
idUnico,BEGIN_FUNC_PROC, dameSurtidor,5,20,1542231459555307019,803
idUnico,END_FUNC_PROC, dameSurtidor,4,20,1542231459555466500,804
idUnico,BEGIN_FUNC_PROC, dejoSurtidor,4,19,1542231459859363691,805
idUnico,END_FUNC_PROC, dejoSurtidor,5,19,1542231459859617960,806
idUnico,BEGIN_FUNC_PROC, dameSurtidor,5,19,1542231459859779967,807
idUnico,END_FUNC_PROC, dameSurtidor,4,19,1542231459859941316,808
idUnico,BEGIN_FUNC_PROC, dejoSurtidor,4,20,1542231459877682273,809
idUnico,END_FUNC_PROC, dejoSurtidor,5,20,1542231459877858230,810
idUnico,BEGIN_FUNC_PROC, dameSurtidor,5,20,1542231459878019688,811
idUnico,END_FUNC_PROC, dameSurtidor,4,20,1542231459878180487,812
idUnico,BEGIN_FUNC_PROC, dejoSurtidor,4,19,1542231460389206803,813
idUnico,END_FUNC_PROC, dejoSurtidor,5,19,1542231460389505775,814
idUnico,BEGIN_FUNC_PROC, dameSurtidor,5,19,1542231460389666574,815
idUnico,END_FUNC_PROC, dameSurtidor,4,19,1542231460389826495,816
idUnico,BEGIN_FUNC_PROC, dejoSurtidor,4,20,1542231460666409126,817
idUnico,END_FUNC_PROC, dejoSurtidor,5,20,1542231460666589256,818
idUnico,BEGIN_FUNC_PROC, dameSurtidor,5,20,1542231460666782347,819
idUnico,END_FUNC_PROC, dameSurtidor,4,20,1542231460666942816,820
idUnico,BEGIN_FUNC_PROC, dejoSurtidor,4,20,1542231460850146929,821
idUnico,END_FUNC_PROC, dejoSurtidor,5,20,1542231460850323655,822
idUnico,BEGIN_FUNC_PROC, dameSurtidor,5,20,1542231460850485992,823
idUnico,END_FUNC_PROC, dameSurtidor,4,20,1542231460850645473,824
idUnico,BEGIN_FUNC_PROC, dejoSurtidor,4,20,1542231461078895425,825
idUnico,END_FUNC_PROC, dejoSurtidor,5,20,1542231461079193189,826
idUnico,BEGIN_FUNC_PROC, dameSurtidor,5,20,1542231461079354977,827
idUnico,END_FUNC_PROC, dameSurtidor,4,20,1542231461079515007,828
idUnico,BEGIN_FUNC_PROC, dejoSurtidor,4,20,1542231461217732886,829
idUnico,END_FUNC_PROC, dejoSurtidor,5,20,1542231461217907744,830
idUnico,BEGIN_FUNC_PROC, dejoSurtidor,5,19,1542231461286081995,831
idUnico,END_FUNC_PROC, dejoSurtidor,6,19,1542231461286300238,832
idUnico,BEGIN_FUNC_PROC, dameSurtidor,6,19,1542231461286461037,833
idUnico,END_FUNC_PROC, dameSurtidor,5,19,1542231461286620958,834
idUnico,BEGIN_FUNC_PROC, dejoSurtidor,5,19,1542231461411843663,835
idUnico,END_FUNC_PROC, dejoSurtidor,6,19,1542231461412069814,836
idUnico,BEGIN_FUNC_PROC, dameSurtidor,6,19,1542231461412231162,837
idUnico,END_FUNC_PROC, dameSurtidor,5,19,1542231461412391632,838
idUnico,BEGIN_FUNC_PROC, dejoSurtidor,5,19,1542231462268654701,839
idUnico,END_FUNC_PROC, dejoSurtidor,6,19,1542231462268960154,840
